
*** Running vivado
    with args -log singleShot_bd_clk_0.vds -m64 -product Vivado -mode batch -messageDb vivado.pb -notrace -source singleShot_bd_clk_0.tcl


ECHO is off.
ECHO is off.

****** Vivado v2023.2 (64-bit)
  **** SW Build 4029153 on Fri Oct 13 20:14:34 MDT 2023
  **** IP Build 4028589 on Sat Oct 14 00:45:43 MDT 2023
  **** SharedData Build 4025554 on Tue Oct 10 17:18:54 MDT 2023
    ** Copyright 1986-2022 Xilinx, Inc. All Rights Reserved.
    ** Copyright 2022-2023 Advanced Micro Devices, Inc. All Rights Reserved.

source singleShot_bd_clk_0.tcl -notrace
create_project: Time (s): cpu = 00:00:13 ; elapsed = 00:00:21 . Memory (MB): peak = 454.992 ; gain = 184.812
INFO: [IP_Flow 19-6924] IPCACHE: Running cache check for IP inst: singleShot_bd_clk_0
INFO: [IP_Flow 19-6922] IPCACHE: Exporting cached entry 82f100f5fecb1c37 to dir: C:/videodemo/FiniteStateMachines_FSMs/singleShot/VHDL/AMDprj/singleShot.runs/singleShot_bd_clk_0_synth_1
INFO: [IP_Flow 19-6928] IPCACHE: copied cached file c:/videodemo/FiniteStateMachines_FSMs/singleShot/VHDL/AMDprj/singleShot.cache/ip/2023.2/8/2/82f100f5fecb1c37/singleShot_bd_sw_0.dcp to C:/videodemo/FiniteStateMachines_FSMs/singleShot/VHDL/AMDprj/singleShot.runs/singleShot_bd_clk_0_synth_1/singleShot_bd_clk_0.dcp.
INFO: [IP_Flow 19-6928] IPCACHE: copied cached file c:/videodemo/FiniteStateMachines_FSMs/singleShot/VHDL/AMDprj/singleShot.cache/ip/2023.2/8/2/82f100f5fecb1c37/singleShot_bd_sw_0_sim_netlist.v to C:/videodemo/FiniteStateMachines_FSMs/singleShot/VHDL/AMDprj/singleShot.runs/singleShot_bd_clk_0_synth_1/singleShot_bd_clk_0_sim_netlist.v.
INFO: [IP_Flow 19-6928] IPCACHE: copied cached file c:/videodemo/FiniteStateMachines_FSMs/singleShot/VHDL/AMDprj/singleShot.cache/ip/2023.2/8/2/82f100f5fecb1c37/singleShot_bd_sw_0_sim_netlist.vhdl to C:/videodemo/FiniteStateMachines_FSMs/singleShot/VHDL/AMDprj/singleShot.runs/singleShot_bd_clk_0_synth_1/singleShot_bd_clk_0_sim_netlist.vhdl.
INFO: [IP_Flow 19-6928] IPCACHE: copied cached file c:/videodemo/FiniteStateMachines_FSMs/singleShot/VHDL/AMDprj/singleShot.cache/ip/2023.2/8/2/82f100f5fecb1c37/singleShot_bd_sw_0_stub.v to C:/videodemo/FiniteStateMachines_FSMs/singleShot/VHDL/AMDprj/singleShot.runs/singleShot_bd_clk_0_synth_1/singleShot_bd_clk_0_stub.v.
INFO: [IP_Flow 19-6928] IPCACHE: copied cached file c:/videodemo/FiniteStateMachines_FSMs/singleShot/VHDL/AMDprj/singleShot.cache/ip/2023.2/8/2/82f100f5fecb1c37/singleShot_bd_sw_0_stub.vhdl to C:/videodemo/FiniteStateMachines_FSMs/singleShot/VHDL/AMDprj/singleShot.runs/singleShot_bd_clk_0_synth_1/singleShot_bd_clk_0_stub.vhdl.
INFO: [IP_Flow 19-4838] Using cached IP synthesis design for IP singleShot_bd_clk_0, cache-ID = 82f100f5fecb1c37.
INFO: [Common 17-206] Exiting Vivado at Wed May  8 16:02:40 2024...
