
*** Running vivado
    with args -log singleShot_bd_singleShot_0_0.vds -m64 -product Vivado -mode batch -messageDb vivado.pb -notrace -source singleShot_bd_singleShot_0_0.tcl


ECHO is off.
ECHO is off.

****** Vivado v2023.2 (64-bit)
  **** SW Build 4029153 on Fri Oct 13 20:14:34 MDT 2023
  **** IP Build 4028589 on Sat Oct 14 00:45:43 MDT 2023
  **** SharedData Build 4025554 on Tue Oct 10 17:18:54 MDT 2023
    ** Copyright 1986-2022 Xilinx, Inc. All Rights Reserved.
    ** Copyright 2022-2023 Advanced Micro Devices, Inc. All Rights Reserved.

source singleShot_bd_singleShot_0_0.tcl -notrace
create_project: Time (s): cpu = 00:00:09 ; elapsed = 00:00:17 . Memory (MB): peak = 452.559 ; gain = 184.082
INFO: [IP_Flow 19-234] Refreshing IP repositories
INFO: [IP_Flow 19-1704] No user IP repositories specified
INFO: [IP_Flow 19-2313] Loaded Vivado IP repository 'C:/Xilinx/Vivado/2023.2/data/ip'.
INFO: [IP_Flow 19-6924] IPCACHE: Running cache check for IP inst: singleShot_bd_singleShot_0_0
Command: synth_design -top singleShot_bd_singleShot_0_0 -part xc7z020clg400-1 -incremental_mode off -mode out_of_context
Starting synth_design
Attempting to get a license for feature 'Synthesis' and/or device 'xc7z020'
INFO: [Common 17-349] Got license for feature 'Synthesis' and/or device 'xc7z020'
INFO: [Device 21-403] Loading part xc7z020clg400-1
INFO: [Synth 8-7079] Multithreading enabled for synth_design using a maximum of 2 processes.
INFO: [Synth 8-7078] Launching helper process for spawning children vivado processes
INFO: [Synth 8-7075] Helper process launched with PID 16800
---------------------------------------------------------------------------------
Starting RTL Elaboration : Time (s): cpu = 00:00:14 ; elapsed = 00:00:21 . Memory (MB): peak = 1323.359 ; gain = 437.590
---------------------------------------------------------------------------------
INFO: [Synth 8-638] synthesizing module 'singleShot_bd_singleShot_0_0' [c:/videodemo/FiniteStateMachines_FSMs/singleShot/VHDL/AMDprj/singleShot.gen/sources_1/bd/singleShot_bd/ip/singleShot_bd_singleShot_0_0_1/synth/singleShot_bd_singleShot_0_0.vhd:65]
INFO: [Synth 8-3491] module 'singleShot' declared at 'C:/videodemo/FiniteStateMachines_FSMs/singleShot/VHDL/model/singleShot.vhd:39' bound to instance 'U0' of component 'singleShot' [c:/videodemo/FiniteStateMachines_FSMs/singleShot/VHDL/AMDprj/singleShot.gen/sources_1/bd/singleShot_bd/ip/singleShot_bd_singleShot_0_0_1/synth/singleShot_bd_singleShot_0_0.vhd:91]
INFO: [Synth 8-638] synthesizing module 'singleShot' [C:/videodemo/FiniteStateMachines_FSMs/singleShot/VHDL/model/singleShot.vhd:48]
INFO: [Synth 8-226] default block is never used [C:/videodemo/FiniteStateMachines_FSMs/singleShot/VHDL/model/singleShot.vhd:61]
INFO: [Synth 8-256] done synthesizing module 'singleShot' (0#1) [C:/videodemo/FiniteStateMachines_FSMs/singleShot/VHDL/model/singleShot.vhd:48]
INFO: [Synth 8-256] done synthesizing module 'singleShot_bd_singleShot_0_0' (0#1) [c:/videodemo/FiniteStateMachines_FSMs/singleShot/VHDL/AMDprj/singleShot.gen/sources_1/bd/singleShot_bd/ip/singleShot_bd_singleShot_0_0_1/synth/singleShot_bd_singleShot_0_0.vhd:65]
---------------------------------------------------------------------------------
Finished RTL Elaboration : Time (s): cpu = 00:00:17 ; elapsed = 00:00:27 . Memory (MB): peak = 1434.461 ; gain = 548.691
---------------------------------------------------------------------------------
---------------------------------------------------------------------------------
Start Handling Custom Attributes
---------------------------------------------------------------------------------
---------------------------------------------------------------------------------
Finished Handling Custom Attributes : Time (s): cpu = 00:00:17 ; elapsed = 00:00:28 . Memory (MB): peak = 1434.461 ; gain = 548.691
---------------------------------------------------------------------------------
---------------------------------------------------------------------------------
Finished RTL Optimization Phase 1 : Time (s): cpu = 00:00:17 ; elapsed = 00:00:28 . Memory (MB): peak = 1434.461 ; gain = 548.691
---------------------------------------------------------------------------------
Netlist sorting complete. Time (s): cpu = 00:00:00 ; elapsed = 00:00:00.002 . Memory (MB): peak = 1434.461 ; gain = 0.000
INFO: [Project 1-570] Preparing netlist for logic optimization

Processing XDC Constraints
Initializing timing engine
Completed Processing XDC Constraints

Netlist sorting complete. Time (s): cpu = 00:00:00 ; elapsed = 00:00:00 . Memory (MB): peak = 1434.461 ; gain = 0.000
INFO: [Project 1-111] Unisim Transformation Summary:
No Unisim elements were transformed.

The system cannot find the path specified.
Constraint Validation Runtime : Time (s): cpu = 00:00:00 ; elapsed = 00:00:00.060 . Memory (MB): peak = 1434.461 ; gain = 0.000
INFO: [Designutils 20-5008] Incremental synthesis strategy off
---------------------------------------------------------------------------------
Finished Constraint Validation : Time (s): cpu = 00:00:30 ; elapsed = 00:00:52 . Memory (MB): peak = 1434.461 ; gain = 548.691
---------------------------------------------------------------------------------
---------------------------------------------------------------------------------
Start Loading Part and Timing Information
---------------------------------------------------------------------------------
Loading part: xc7z020clg400-1
---------------------------------------------------------------------------------
Finished Loading Part and Timing Information : Time (s): cpu = 00:00:30 ; elapsed = 00:00:52 . Memory (MB): peak = 1434.461 ; gain = 548.691
---------------------------------------------------------------------------------
---------------------------------------------------------------------------------
Start Applying 'set_property' XDC Constraints
---------------------------------------------------------------------------------
---------------------------------------------------------------------------------
Finished applying 'set_property' XDC Constraints : Time (s): cpu = 00:00:30 ; elapsed = 00:00:52 . Memory (MB): peak = 1434.461 ; gain = 548.691
---------------------------------------------------------------------------------
---------------------------------------------------------------------------------
Finished RTL Optimization Phase 2 : Time (s): cpu = 00:00:31 ; elapsed = 00:00:52 . Memory (MB): peak = 1434.461 ; gain = 548.691
---------------------------------------------------------------------------------
---------------------------------------------------------------------------------
Start RTL Component Statistics 
---------------------------------------------------------------------------------
Detailed RTL Component Info : 
+---Registers : 
	                1 Bit    Registers := 1     
+---Muxes : 
	   2 Input    1 Bit        Muxes := 3     
---------------------------------------------------------------------------------
Finished RTL Component Statistics 
---------------------------------------------------------------------------------
---------------------------------------------------------------------------------
Start Part Resource Summary
---------------------------------------------------------------------------------
Part Resources:
DSPs: 220 (col length:60)
BRAMs: 280 (col length: RAMB18 60 RAMB36 30)
---------------------------------------------------------------------------------
Finished Part Resource Summary
---------------------------------------------------------------------------------
---------------------------------------------------------------------------------
Start Cross Boundary and Area Optimization
---------------------------------------------------------------------------------
WARNING: [Synth 8-7080] Parallel synthesis criteria is not met
---------------------------------------------------------------------------------
Finished Cross Boundary and Area Optimization : Time (s): cpu = 00:00:34 ; elapsed = 00:00:58 . Memory (MB): peak = 1434.461 ; gain = 548.691
---------------------------------------------------------------------------------
---------------------------------------------------------------------------------
Start Applying XDC Timing Constraints
---------------------------------------------------------------------------------
---------------------------------------------------------------------------------
Finished Applying XDC Timing Constraints : Time (s): cpu = 00:00:43 ; elapsed = 00:01:13 . Memory (MB): peak = 1434.461 ; gain = 548.691
---------------------------------------------------------------------------------
---------------------------------------------------------------------------------
Start Timing Optimization
---------------------------------------------------------------------------------
---------------------------------------------------------------------------------
Finished Timing Optimization : Time (s): cpu = 00:00:43 ; elapsed = 00:01:13 . Memory (MB): peak = 1434.461 ; gain = 548.691
---------------------------------------------------------------------------------
---------------------------------------------------------------------------------
Start Technology Mapping
---------------------------------------------------------------------------------
---------------------------------------------------------------------------------
Finished Technology Mapping : Time (s): cpu = 00:00:43 ; elapsed = 00:01:14 . Memory (MB): peak = 1434.461 ; gain = 548.691
---------------------------------------------------------------------------------
---------------------------------------------------------------------------------
Start IO Insertion
---------------------------------------------------------------------------------
---------------------------------------------------------------------------------
Start Flattening Before IO Insertion
---------------------------------------------------------------------------------
---------------------------------------------------------------------------------
Finished Flattening Before IO Insertion
---------------------------------------------------------------------------------
---------------------------------------------------------------------------------
Start Final Netlist Cleanup
---------------------------------------------------------------------------------
---------------------------------------------------------------------------------
Finished Final Netlist Cleanup
---------------------------------------------------------------------------------
---------------------------------------------------------------------------------
Finished IO Insertion : Time (s): cpu = 00:00:58 ; elapsed = 00:01:37 . Memory (MB): peak = 1446.547 ; gain = 560.777
---------------------------------------------------------------------------------
---------------------------------------------------------------------------------
Start Renaming Generated Instances
---------------------------------------------------------------------------------
---------------------------------------------------------------------------------
Finished Renaming Generated Instances : Time (s): cpu = 00:00:58 ; elapsed = 00:01:37 . Memory (MB): peak = 1446.547 ; gain = 560.777
---------------------------------------------------------------------------------
---------------------------------------------------------------------------------
Start Rebuilding User Hierarchy
---------------------------------------------------------------------------------
---------------------------------------------------------------------------------
Finished Rebuilding User Hierarchy : Time (s): cpu = 00:00:58 ; elapsed = 00:01:37 . Memory (MB): peak = 1446.547 ; gain = 560.777
---------------------------------------------------------------------------------
---------------------------------------------------------------------------------
Start Renaming Generated Ports
---------------------------------------------------------------------------------
---------------------------------------------------------------------------------
Finished Renaming Generated Ports : Time (s): cpu = 00:00:58 ; elapsed = 00:01:37 . Memory (MB): peak = 1446.547 ; gain = 560.777
---------------------------------------------------------------------------------
---------------------------------------------------------------------------------
Start Handling Custom Attributes
---------------------------------------------------------------------------------
---------------------------------------------------------------------------------
Finished Handling Custom Attributes : Time (s): cpu = 00:00:58 ; elapsed = 00:01:37 . Memory (MB): peak = 1446.547 ; gain = 560.777
---------------------------------------------------------------------------------
---------------------------------------------------------------------------------
Start Renaming Generated Nets
---------------------------------------------------------------------------------
---------------------------------------------------------------------------------
Finished Renaming Generated Nets : Time (s): cpu = 00:00:58 ; elapsed = 00:01:37 . Memory (MB): peak = 1446.547 ; gain = 560.777
---------------------------------------------------------------------------------
---------------------------------------------------------------------------------
Start Writing Synthesis Report
---------------------------------------------------------------------------------

Report BlackBoxes: 
+-+--------------+----------+
| |BlackBox name |Instances |
+-+--------------+----------+
+-+--------------+----------+

Report Cell Usage: 
+------+-----+------+
|      |Cell |Count |
+------+-----+------+
|1     |LUT1 |     1|
|2     |LUT2 |     1|
|3     |FDCE |     1|
+------+-----+------+
---------------------------------------------------------------------------------
Finished Writing Synthesis Report : Time (s): cpu = 00:00:58 ; elapsed = 00:01:37 . Memory (MB): peak = 1446.547 ; gain = 560.777
---------------------------------------------------------------------------------
Synthesis finished with 0 errors, 0 critical warnings and 1 warnings.
Synthesis Optimization Runtime : Time (s): cpu = 00:00:39 ; elapsed = 00:01:32 . Memory (MB): peak = 1446.547 ; gain = 560.777
Synthesis Optimization Complete : Time (s): cpu = 00:00:59 ; elapsed = 00:01:37 . Memory (MB): peak = 1446.547 ; gain = 560.777
INFO: [Project 1-571] Translating synthesized netlist
Netlist sorting complete. Time (s): cpu = 00:00:00 ; elapsed = 00:00:00 . Memory (MB): peak = 1458.613 ; gain = 0.000
INFO: [Project 1-570] Preparing netlist for logic optimization
INFO: [Opt 31-138] Pushed 0 inverter(s) to 0 load pin(s).
Netlist sorting complete. Time (s): cpu = 00:00:00 ; elapsed = 00:00:00.001 . Memory (MB): peak = 1466.246 ; gain = 0.000
INFO: [Project 1-111] Unisim Transformation Summary:
No Unisim elements were transformed.

The system cannot find the path specified.
Synth Design complete | Checksum: 2f543e40
INFO: [Common 17-83] Releasing license: Synthesis
23 Infos, 1 Warnings, 0 Critical Warnings and 0 Errors encountered.
synth_design completed successfully
synth_design: Time (s): cpu = 00:01:08 ; elapsed = 00:01:56 . Memory (MB): peak = 1466.246 ; gain = 1000.402
Write ShapeDB Complete: Time (s): cpu = 00:00:00 ; elapsed = 00:00:00.003 . Memory (MB): peak = 1466.246 ; gain = 0.000
INFO: [Common 17-1381] The checkpoint 'C:/videodemo/FiniteStateMachines_FSMs/singleShot/VHDL/AMDprj/singleShot.runs/singleShot_bd_singleShot_0_0_synth_1/singleShot_bd_singleShot_0_0.dcp' has been generated.
INFO: [Coretcl 2-1648] Added synthesis output to IP cache for IP singleShot_bd_singleShot_0_0, cache-ID = c6cf4ac2b512d51b
Write ShapeDB Complete: Time (s): cpu = 00:00:00 ; elapsed = 00:00:00.001 . Memory (MB): peak = 1466.246 ; gain = 0.000
INFO: [Common 17-1381] The checkpoint 'C:/videodemo/FiniteStateMachines_FSMs/singleShot/VHDL/AMDprj/singleShot.runs/singleShot_bd_singleShot_0_0_synth_1/singleShot_bd_singleShot_0_0.dcp' has been generated.
INFO: [runtcl-4] Executing : report_utilization -file singleShot_bd_singleShot_0_0_utilization_synth.rpt -pb singleShot_bd_singleShot_0_0_utilization_synth.pb
INFO: [Common 17-206] Exiting Vivado at Wed May  8 16:01:45 2024...
