Copyright 1986-2022 Xilinx, Inc. All Rights Reserved. Copyright 2022-2023 Advanced Micro Devices, Inc. All Rights Reserved.
---------------------------------------------------------------------------------------------------------------------------------------------
| Tool Version : Vivado v.2023.2 (win64) Build 4029153 Fri Oct 13 20:14:34 MDT 2023
| Date         : Wed Apr  3 11:27:25 2024
| Host         : DESKTOP-FC0OD32 running 64-bit major release  (build 9200)
| Command      : report_control_sets -verbose -file RISCV_ALU_bd_wrapper_control_sets_placed.rpt
| Design       : RISCV_ALU_bd_wrapper
| Device       : xc7z020
---------------------------------------------------------------------------------------------------------------------------------------------

Control Set Information

Table of Contents
-----------------
1. Summary
2. Histogram
3. Flip-Flop Distribution
4. Detailed Control Set Information

1. Summary
----------

+----------------------------------------------------------+-------+
|                          Status                          | Count |
+----------------------------------------------------------+-------+
| Total control sets                                       |    64 |
|    Minimum number of control sets                        |    64 |
|    Addition due to synthesis replication                 |     0 |
|    Addition due to physical synthesis replication        |     0 |
| Unused register locations in slices containing registers |   156 |
+----------------------------------------------------------+-------+
* Control sets can be merged at opt_design using control_set_merge or merge_equivalent_drivers
** Run report_qor_suggestions for automated merging and remapping suggestions


2. Histogram
------------

+--------------------+-------+
|       Fanout       | Count |
+--------------------+-------+
| Total control sets |    64 |
| >= 0 to < 4        |     2 |
| >= 4 to < 6        |    23 |
| >= 6 to < 8        |     1 |
| >= 8 to < 10       |     2 |
| >= 10 to < 12      |     1 |
| >= 12 to < 14      |     6 |
| >= 14 to < 16      |     2 |
| >= 16              |    27 |
+--------------------+-------+
* Control sets can be remapped at either synth_design or opt_design


3. Flip-Flop Distribution
-------------------------

+--------------+-----------------------+------------------------+-----------------+--------------+
| Clock Enable | Synchronous Set/Reset | Asynchronous Set/Reset | Total Registers | Total Slices |
+--------------+-----------------------+------------------------+-----------------+--------------+
| No           | No                    | No                     |             341 |          111 |
| No           | No                    | Yes                    |               0 |            0 |
| No           | Yes                   | No                     |             336 |           98 |
| Yes          | No                    | No                     |             442 |          105 |
| Yes          | No                    | Yes                    |               0 |            0 |
| Yes          | Yes                   | No                     |             293 |           81 |
+--------------+-----------------------+------------------------+-----------------+--------------+


4. Detailed Control Set Information
-----------------------------------

+-----------------------------------------------------+----------------------------------------------------------------------------------------------------------------------------------------------------------------------+-------------------------------------------------------------------------------------------------------------------------------------------------------------+------------------+----------------+--------------+
|                     Clock Signal                    |                                                                             Enable Signal                                                                            |                                                                       Set/Reset Signal                                                                      | Slice Load Count | Bel Load Count | Bels / Slice |
+-----------------------------------------------------+----------------------------------------------------------------------------------------------------------------------------------------------------------------------+-------------------------------------------------------------------------------------------------------------------------------------------------------------+------------------+----------------+--------------+
|  RISCV_ALU_bd_i/processing_system7_0/inst/FCLK_CLK0 | RISCV_ALU_bd_i/axi_interconnect_0/s00_couplers/auto_pc/inst/gen_axilite.gen_b2s_conv.axilite_b2s/WR.aw_channel_0/aw_cmd_fsm_0/FSM_sequential_state_reg[0]_1          | RISCV_ALU_bd_i/axi_interconnect_0/s00_couplers/auto_pc/inst/gen_axilite.gen_b2s_conv.axilite_b2s/WR.aw_channel_0/aw_cmd_fsm_0/FSM_sequential_state_reg[0]_0 |                1 |              1 |         1.00 |
|  RISCV_ALU_bd_i/processing_system7_0/inst/FCLK_CLK0 | RISCV_ALU_bd_i/axi_interconnect_0/s00_couplers/auto_pc/inst/gen_axilite.gen_b2s_conv.axilite_b2s/WR.b_channel_0/bid_fifo_0/sel                                       |                                                                                                                                                             |                1 |              2 |         2.00 |
|  RISCV_ALU_bd_i/processing_system7_0/inst/FCLK_CLK0 |                                                                                                                                                                      | RISCV_ALU_bd_i/selALUOp/U0/AXI_LITE_IPIF_I/I_SLAVE_ATTACHMENT/clear                                                                                         |                1 |              4 |         4.00 |
|  RISCV_ALU_bd_i/processing_system7_0/inst/FCLK_CLK0 |                                                                                                                                                                      | RISCV_ALU_bd_i/A/U0/AXI_LITE_IPIF_I/I_SLAVE_ATTACHMENT/clear                                                                                                |                1 |              4 |         4.00 |
|  RISCV_ALU_bd_i/processing_system7_0/inst/FCLK_CLK0 | RISCV_ALU_bd_i/axi_interconnect_0/s00_couplers/auto_pc/inst/gen_axilite.gen_b2s_conv.axilite_b2s/RD.ar_channel_0/ar_cmd_fsm_0/m_axi_arready_2                        | RISCV_ALU_bd_i/axi_interconnect_0/s00_couplers/auto_pc/inst/gen_axilite.gen_b2s_conv.axilite_b2s/RD.ar_channel_0/ar_cmd_fsm_0/FSM_sequential_state_reg[1]_0 |                1 |              4 |         4.00 |
|  RISCV_ALU_bd_i/processing_system7_0/inst/FCLK_CLK0 | RISCV_ALU_bd_i/A/U0/AXI_LITE_IPIF_I/I_SLAVE_ATTACHMENT/start2                                                                                                        | RISCV_ALU_bd_i/A/U0/AXI_LITE_IPIF_I/I_SLAVE_ATTACHMENT/I_DECODER/cs_ce_clr                                                                                  |                1 |              4 |         4.00 |
|  RISCV_ALU_bd_i/processing_system7_0/inst/FCLK_CLK0 | RISCV_ALU_bd_i/A/U0/AXI_LITE_IPIF_I/I_SLAVE_ATTACHMENT/bus2ip_addr_i[8]_i_1_n_0                                                                                      | RISCV_ALU_bd_i/A/U0/AXI_LITE_IPIF_I/I_SLAVE_ATTACHMENT/SR[0]                                                                                                |                1 |              4 |         4.00 |
|  RISCV_ALU_bd_i/processing_system7_0/inst/FCLK_CLK0 |                                                                                                                                                                      | RISCV_ALU_bd_i/B/U0/AXI_LITE_IPIF_I/I_SLAVE_ATTACHMENT/clear                                                                                                |                1 |              4 |         4.00 |
|  RISCV_ALU_bd_i/processing_system7_0/inst/FCLK_CLK0 | RISCV_ALU_bd_i/branch/U0/AXI_LITE_IPIF_I/I_SLAVE_ATTACHMENT/bus2ip_addr_i[8]_i_1_n_0                                                                                 | RISCV_ALU_bd_i/branch/U0/AXI_LITE_IPIF_I/I_SLAVE_ATTACHMENT/SS[0]                                                                                           |                1 |              4 |         4.00 |
|  RISCV_ALU_bd_i/processing_system7_0/inst/FCLK_CLK0 | RISCV_ALU_bd_i/selALUOp/U0/AXI_LITE_IPIF_I/I_SLAVE_ATTACHMENT/start2                                                                                                 | RISCV_ALU_bd_i/selALUOp/U0/AXI_LITE_IPIF_I/I_SLAVE_ATTACHMENT/I_DECODER/cs_ce_clr                                                                           |                1 |              4 |         4.00 |
|  RISCV_ALU_bd_i/processing_system7_0/inst/FCLK_CLK0 | RISCV_ALU_bd_i/B/U0/AXI_LITE_IPIF_I/I_SLAVE_ATTACHMENT/bus2ip_addr_i[8]_i_1_n_0                                                                                      | RISCV_ALU_bd_i/B/U0/AXI_LITE_IPIF_I/I_SLAVE_ATTACHMENT/SR[0]                                                                                                |                1 |              4 |         4.00 |
|  RISCV_ALU_bd_i/processing_system7_0/inst/FCLK_CLK0 |                                                                                                                                                                      | RISCV_ALU_bd_i/branch/U0/AXI_LITE_IPIF_I/I_SLAVE_ATTACHMENT/clear                                                                                           |                1 |              4 |         4.00 |
|  RISCV_ALU_bd_i/processing_system7_0/inst/FCLK_CLK0 | RISCV_ALU_bd_i/selALUOp/U0/AXI_LITE_IPIF_I/I_SLAVE_ATTACHMENT/bus2ip_addr_i[8]_i_1_n_0                                                                               | RISCV_ALU_bd_i/selALUOp/U0/AXI_LITE_IPIF_I/I_SLAVE_ATTACHMENT/SR[0]                                                                                         |                1 |              4 |         4.00 |
|  RISCV_ALU_bd_i/processing_system7_0/inst/FCLK_CLK0 | RISCV_ALU_bd_i/B/U0/AXI_LITE_IPIF_I/I_SLAVE_ATTACHMENT/start2                                                                                                        | RISCV_ALU_bd_i/B/U0/AXI_LITE_IPIF_I/I_SLAVE_ATTACHMENT/I_DECODER/cs_ce_clr                                                                                  |                1 |              4 |         4.00 |
|  RISCV_ALU_bd_i/processing_system7_0/inst/FCLK_CLK0 |                                                                                                                                                                      | RISCV_ALU_bd_i/ALUOut/U0/AXI_LITE_IPIF_I/I_SLAVE_ATTACHMENT/clear                                                                                           |                1 |              4 |         4.00 |
|  RISCV_ALU_bd_i/processing_system7_0/inst/FCLK_CLK0 |                                                                                                                                                                      | RISCV_ALU_bd_i/proc_sys_reset_0/U0/EXT_LPF/lpf_int                                                                                                          |                3 |              4 |         1.33 |
|  RISCV_ALU_bd_i/processing_system7_0/inst/FCLK_CLK0 | RISCV_ALU_bd_i/ALUOut/U0/AXI_LITE_IPIF_I/I_SLAVE_ATTACHMENT/bus2ip_addr_i[8]_i_1_n_0                                                                                 | RISCV_ALU_bd_i/ALUOut/U0/AXI_LITE_IPIF_I/I_SLAVE_ATTACHMENT/SR[0]                                                                                           |                1 |              4 |         4.00 |
|  RISCV_ALU_bd_i/processing_system7_0/inst/FCLK_CLK0 |                                                                                                                                                                      | RISCV_ALU_bd_i/selALUOp/U0/gpio_core_1/Read_Reg_Rst__0                                                                                                      |                1 |              4 |         4.00 |
|  RISCV_ALU_bd_i/processing_system7_0/inst/FCLK_CLK0 |                                                                                                                                                                      | RISCV_ALU_bd_i/axi_interconnect_0/s00_couplers/auto_pc/inst/gen_axilite.gen_b2s_conv.axilite_b2s/SI_REG/ar.ar_pipe/aresetn_d_reg[1]_inv_0                   |                2 |              4 |         2.00 |
|  RISCV_ALU_bd_i/processing_system7_0/inst/FCLK_CLK0 |                                                                                                                                                                      | RISCV_ALU_bd_i/axi_interconnect_0/s00_couplers/auto_pc/inst/gen_axilite.gen_b2s_conv.axilite_b2s/SI_REG/aw.aw_pipe/aresetn_d_reg[0]_0                       |                1 |              4 |         4.00 |
|  RISCV_ALU_bd_i/processing_system7_0/inst/FCLK_CLK0 | RISCV_ALU_bd_i/ALUOut/U0/AXI_LITE_IPIF_I/I_SLAVE_ATTACHMENT/start2                                                                                                   | RISCV_ALU_bd_i/ALUOut/U0/AXI_LITE_IPIF_I/I_SLAVE_ATTACHMENT/I_DECODER/cs_ce_clr                                                                             |                1 |              4 |         4.00 |
|  RISCV_ALU_bd_i/processing_system7_0/inst/FCLK_CLK0 | RISCV_ALU_bd_i/branch/U0/AXI_LITE_IPIF_I/I_SLAVE_ATTACHMENT/start2                                                                                                   | RISCV_ALU_bd_i/branch/U0/AXI_LITE_IPIF_I/I_SLAVE_ATTACHMENT/I_DECODER/cs_ce_clr                                                                             |                1 |              4 |         4.00 |
|  RISCV_ALU_bd_i/processing_system7_0/inst/FCLK_CLK0 | RISCV_ALU_bd_i/axi_interconnect_0/s00_couplers/auto_pc/inst/gen_axilite.gen_b2s_conv.axilite_b2s/RD.r_channel_0/transaction_fifo_0/cnt_read[4]_i_1_n_0               | RISCV_ALU_bd_i/axi_interconnect_0/s00_couplers/auto_pc/inst/gen_axilite.gen_b2s_conv.axilite_b2s/areset_d1                                                  |                1 |              5 |         5.00 |
|  RISCV_ALU_bd_i/processing_system7_0/inst/FCLK_CLK0 | RISCV_ALU_bd_i/selALUOp/U0/AXI_LITE_IPIF_I/I_SLAVE_ATTACHMENT/s_axi_rresp_i                                                                                          | RISCV_ALU_bd_i/selALUOp/U0/AXI_LITE_IPIF_I/I_SLAVE_ATTACHMENT/SR[0]                                                                                         |                2 |              5 |         2.50 |
|  RISCV_ALU_bd_i/processing_system7_0/inst/FCLK_CLK0 | RISCV_ALU_bd_i/axi_interconnect_0/s00_couplers/auto_pc/inst/gen_axilite.gen_b2s_conv.axilite_b2s/RD.r_channel_0/rd_data_fifo_0/cnt_read[4]_i_1__0_n_0                | RISCV_ALU_bd_i/axi_interconnect_0/s00_couplers/auto_pc/inst/gen_axilite.gen_b2s_conv.axilite_b2s/areset_d1                                                  |                1 |              5 |         5.00 |
|  RISCV_ALU_bd_i/processing_system7_0/inst/FCLK_CLK0 | RISCV_ALU_bd_i/proc_sys_reset_0/U0/SEQ/seq_cnt_en                                                                                                                    | RISCV_ALU_bd_i/proc_sys_reset_0/U0/SEQ/SEQ_COUNTER/clear                                                                                                    |                1 |              6 |         6.00 |
|  RISCV_ALU_bd_i/processing_system7_0/inst/FCLK_CLK0 | RISCV_ALU_bd_i/selALUOp/U0/AXI_LITE_IPIF_I/I_SLAVE_ATTACHMENT/I_DECODER/E[0]                                                                                         | RISCV_ALU_bd_i/selALUOp/U0/AXI_LITE_IPIF_I/I_SLAVE_ATTACHMENT/SR[0]                                                                                         |                1 |              8 |         8.00 |
|  RISCV_ALU_bd_i/processing_system7_0/inst/FCLK_CLK0 | RISCV_ALU_bd_i/axi_interconnect_0/s00_couplers/auto_pc/inst/gen_axilite.gen_b2s_conv.axilite_b2s/WR.b_channel_0/mhandshake_r                                         | RISCV_ALU_bd_i/axi_interconnect_0/s00_couplers/auto_pc/inst/gen_axilite.gen_b2s_conv.axilite_b2s/WR.b_channel_0/bid_fifo_0/SR[0]                            |                2 |              8 |         4.00 |
|  RISCV_ALU_bd_i/processing_system7_0/inst/FCLK_CLK0 |                                                                                                                                                                      | RISCV_ALU_bd_i/axi_interconnect_0/s00_couplers/auto_pc/inst/gen_axilite.gen_b2s_conv.axilite_b2s/areset_d1                                                  |                3 |             10 |         3.33 |
|  RISCV_ALU_bd_i/processing_system7_0/inst/FCLK_CLK0 | RISCV_ALU_bd_i/axi_interconnect_0/s00_couplers/auto_pc/inst/gen_axilite.gen_b2s_conv.axilite_b2s/WR.aw_channel_0/aw_cmd_fsm_0/m_valid_i_reg[0]                       |                                                                                                                                                             |                5 |             12 |         2.40 |
|  RISCV_ALU_bd_i/processing_system7_0/inst/FCLK_CLK0 | RISCV_ALU_bd_i/axi_interconnect_0/s00_couplers/auto_pc/inst/gen_axilite.gen_b2s_conv.axilite_b2s/WR.aw_channel_0/cmd_translator_0/incr_cmd_0/axaddr_incr[11]_i_1_n_0 |                                                                                                                                                             |                2 |             12 |         6.00 |
|  RISCV_ALU_bd_i/processing_system7_0/inst/FCLK_CLK0 | RISCV_ALU_bd_i/axi_interconnect_0/s00_couplers/auto_pc/inst/gen_axilite.gen_b2s_conv.axilite_b2s/RD.ar_channel_0/ar_cmd_fsm_0/E[0]                                   |                                                                                                                                                             |                4 |             12 |         3.00 |
|  RISCV_ALU_bd_i/processing_system7_0/inst/FCLK_CLK0 | RISCV_ALU_bd_i/axi_interconnect_0/s00_couplers/auto_pc/inst/gen_axilite.gen_b2s_conv.axilite_b2s/RD.ar_channel_0/ar_cmd_fsm_0/sel_first_reg[0]                       |                                                                                                                                                             |                3 |             12 |         4.00 |
|  RISCV_ALU_bd_i/processing_system7_0/inst/FCLK_CLK0 | RISCV_ALU_bd_i/axi_interconnect_0/s00_couplers/auto_pc/inst/gen_axilite.gen_b2s_conv.axilite_b2s/RD.r_channel_0/r_push_r                                             |                                                                                                                                                             |                4 |             13 |         3.25 |
|  RISCV_ALU_bd_i/processing_system7_0/inst/FCLK_CLK0 |                                                                                                                                                                      | RISCV_ALU_bd_i/axi_interconnect_0/xbar/inst/gen_sasd.crossbar_sasd_0/addr_arbiter_inst/SR[0]                                                                |                3 |             13 |         4.33 |
|  RISCV_ALU_bd_i/processing_system7_0/inst/FCLK_CLK0 | RISCV_ALU_bd_i/axi_interconnect_0/s00_couplers/auto_pc/inst/gen_axilite.gen_b2s_conv.axilite_b2s/SI_REG/b.b_pipe/p_1_in                                              |                                                                                                                                                             |                4 |             14 |         3.50 |
|  RISCV_ALU_bd_i/processing_system7_0/inst/FCLK_CLK0 | RISCV_ALU_bd_i/axi_interconnect_0/s00_couplers/auto_pc/inst/gen_axilite.gen_b2s_conv.axilite_b2s/SI_REG/b.b_pipe/s_ready_i_reg_0                                     |                                                                                                                                                             |                2 |             14 |         7.00 |
|  RISCV_ALU_bd_i/processing_system7_0/inst/FCLK_CLK0 | RISCV_ALU_bd_i/axi_interconnect_0/s00_couplers/auto_pc/inst/gen_axilite.gen_b2s_conv.axilite_b2s/WR.aw_channel_0/aw_cmd_fsm_0/m_axi_awready_0                        |                                                                                                                                                             |                3 |             16 |         5.33 |
|  RISCV_ALU_bd_i/processing_system7_0/inst/FCLK_CLK0 | RISCV_ALU_bd_i/axi_interconnect_0/xbar/inst/gen_sasd.crossbar_sasd_0/addr_arbiter_inst/p_0_in1_in                                                                    | RISCV_ALU_bd_i/axi_interconnect_0/xbar/inst/gen_sasd.crossbar_sasd_0/addr_arbiter_inst/SR[0]                                                                |                7 |             19 |         2.71 |
|  RISCV_ALU_bd_i/processing_system7_0/inst/FCLK_CLK0 |                                                                                                                                                                      | RISCV_ALU_bd_i/selALUOp/U0/AXI_LITE_IPIF_I/I_SLAVE_ATTACHMENT/SR[0]                                                                                         |                6 |             20 |         3.33 |
|  RISCV_ALU_bd_i/processing_system7_0/inst/FCLK_CLK0 |                                                                                                                                                                      | RISCV_ALU_bd_i/branch/U0/AXI_LITE_IPIF_I/I_SLAVE_ATTACHMENT/SS[0]                                                                                           |                6 |             20 |         3.33 |
|  RISCV_ALU_bd_i/processing_system7_0/inst/FCLK_CLK0 | RISCV_ALU_bd_i/axi_interconnect_0/s00_couplers/auto_pc/inst/gen_axilite.gen_b2s_conv.axilite_b2s/RD.ar_channel_0/ar_cmd_fsm_0/m_axi_arready_2                        |                                                                                                                                                             |               10 |             21 |         2.10 |
|  RISCV_ALU_bd_i/processing_system7_0/inst/FCLK_CLK0 | RISCV_ALU_bd_i/axi_interconnect_0/s00_couplers/auto_pc/inst/gen_axilite.gen_b2s_conv.axilite_b2s/WR.aw_channel_0/aw_cmd_fsm_0/FSM_sequential_state_reg[0]_1          |                                                                                                                                                             |                8 |             24 |         3.00 |
|  RISCV_ALU_bd_i/processing_system7_0/inst/FCLK_CLK0 | RISCV_ALU_bd_i/A/U0/AXI_LITE_IPIF_I/I_SLAVE_ATTACHMENT/s_axi_rresp_i                                                                                                 | RISCV_ALU_bd_i/A/U0/AXI_LITE_IPIF_I/I_SLAVE_ATTACHMENT/SR[0]                                                                                                |                7 |             32 |         4.57 |
|  RISCV_ALU_bd_i/processing_system7_0/inst/FCLK_CLK0 | RISCV_ALU_bd_i/ALUOut/U0/AXI_LITE_IPIF_I/I_SLAVE_ATTACHMENT/I_DECODER/E[0]                                                                                           | RISCV_ALU_bd_i/ALUOut/U0/AXI_LITE_IPIF_I/I_SLAVE_ATTACHMENT/SR[0]                                                                                           |                8 |             32 |         4.00 |
|  RISCV_ALU_bd_i/processing_system7_0/inst/FCLK_CLK0 | RISCV_ALU_bd_i/ALUOut/U0/AXI_LITE_IPIF_I/I_SLAVE_ATTACHMENT/s_axi_rresp_i                                                                                            | RISCV_ALU_bd_i/ALUOut/U0/AXI_LITE_IPIF_I/I_SLAVE_ATTACHMENT/SR[0]                                                                                           |                9 |             32 |         3.56 |
|  RISCV_ALU_bd_i/processing_system7_0/inst/FCLK_CLK0 | RISCV_ALU_bd_i/A/U0/AXI_LITE_IPIF_I/I_SLAVE_ATTACHMENT/I_DECODER/E[0]                                                                                                | RISCV_ALU_bd_i/A/U0/AXI_LITE_IPIF_I/I_SLAVE_ATTACHMENT/SR[0]                                                                                                |               10 |             32 |         3.20 |
|  RISCV_ALU_bd_i/processing_system7_0/inst/FCLK_CLK0 |                                                                                                                                                                      | RISCV_ALU_bd_i/ALUOut/U0/AXI_LITE_IPIF_I/I_SLAVE_ATTACHMENT/I_DECODER/bus2ip_rnw_i_reg                                                                      |               11 |             32 |         2.91 |
|  RISCV_ALU_bd_i/processing_system7_0/inst/FCLK_CLK0 |                                                                                                                                                                      | RISCV_ALU_bd_i/B/U0/gpio_core_1/Read_Reg_Rst__0                                                                                                             |               10 |             32 |         3.20 |
|  RISCV_ALU_bd_i/processing_system7_0/inst/FCLK_CLK0 |                                                                                                                                                                      | RISCV_ALU_bd_i/A/U0/gpio_core_1/Read_Reg_Rst__0                                                                                                             |                6 |             32 |         5.33 |
|  RISCV_ALU_bd_i/processing_system7_0/inst/FCLK_CLK0 | RISCV_ALU_bd_i/B/U0/AXI_LITE_IPIF_I/I_SLAVE_ATTACHMENT/s_axi_rresp_i                                                                                                 | RISCV_ALU_bd_i/B/U0/AXI_LITE_IPIF_I/I_SLAVE_ATTACHMENT/SR[0]                                                                                                |                8 |             32 |         4.00 |
|  RISCV_ALU_bd_i/processing_system7_0/inst/FCLK_CLK0 | RISCV_ALU_bd_i/B/U0/AXI_LITE_IPIF_I/I_SLAVE_ATTACHMENT/I_DECODER/E[0]                                                                                                | RISCV_ALU_bd_i/B/U0/AXI_LITE_IPIF_I/I_SLAVE_ATTACHMENT/SR[0]                                                                                                |               12 |             32 |         2.67 |
|  RISCV_ALU_bd_i/processing_system7_0/inst/FCLK_CLK0 | RISCV_ALU_bd_i/axi_interconnect_0/s00_couplers/auto_pc/inst/gen_axilite.gen_b2s_conv.axilite_b2s/RD.r_channel_0/rd_data_fifo_0/wr_en0                                |                                                                                                                                                             |                9 |             34 |         3.78 |
|  RISCV_ALU_bd_i/processing_system7_0/inst/FCLK_CLK0 | RISCV_ALU_bd_i/axi_interconnect_0/xbar/inst/gen_sasd.crossbar_sasd_0/addr_arbiter_inst/E[0]                                                                          |                                                                                                                                                             |               14 |             35 |         2.50 |
|  RISCV_ALU_bd_i/processing_system7_0/inst/FCLK_CLK0 |                                                                                                                                                                      | RISCV_ALU_bd_i/ALUOut/U0/AXI_LITE_IPIF_I/I_SLAVE_ATTACHMENT/SR[0]                                                                                           |               13 |             47 |         3.62 |
|  RISCV_ALU_bd_i/processing_system7_0/inst/FCLK_CLK0 |                                                                                                                                                                      | RISCV_ALU_bd_i/B/U0/AXI_LITE_IPIF_I/I_SLAVE_ATTACHMENT/SR[0]                                                                                                |               15 |             47 |         3.13 |
|  RISCV_ALU_bd_i/processing_system7_0/inst/FCLK_CLK0 |                                                                                                                                                                      | RISCV_ALU_bd_i/A/U0/AXI_LITE_IPIF_I/I_SLAVE_ATTACHMENT/SR[0]                                                                                                |               13 |             47 |         3.62 |
|  RISCV_ALU_bd_i/processing_system7_0/inst/FCLK_CLK0 | RISCV_ALU_bd_i/axi_interconnect_0/s00_couplers/auto_pc/inst/gen_axilite.gen_b2s_conv.axilite_b2s/SI_REG/r.r_pipe/s_ready_i_reg_0                                     |                                                                                                                                                             |                8 |             47 |         5.88 |
|  RISCV_ALU_bd_i/processing_system7_0/inst/FCLK_CLK0 | RISCV_ALU_bd_i/axi_interconnect_0/s00_couplers/auto_pc/inst/gen_axilite.gen_b2s_conv.axilite_b2s/SI_REG/r.r_pipe/p_1_in                                              |                                                                                                                                                             |                8 |             47 |         5.88 |
|  RISCV_ALU_bd_i/processing_system7_0/inst/FCLK_CLK0 | RISCV_ALU_bd_i/axi_interconnect_0/s00_couplers/auto_pc/inst/gen_axilite.gen_b2s_conv.axilite_b2s/WR.aw_channel_0/aw_cmd_fsm_0/E[0]                                   |                                                                                                                                                             |                8 |             48 |         6.00 |
|  RISCV_ALU_bd_i/processing_system7_0/inst/FCLK_CLK0 | RISCV_ALU_bd_i/axi_interconnect_0/s00_couplers/auto_pc/inst/gen_axilite.gen_b2s_conv.axilite_b2s/SI_REG/ar.ar_pipe/s_ready_i_reg_0                                   |                                                                                                                                                             |               10 |             48 |         4.80 |
|  RISCV_ALU_bd_i/processing_system7_0/inst/FCLK_CLK0 | RISCV_ALU_bd_i/axi_interconnect_0/s00_couplers/auto_pc/inst/gen_axilite.gen_b2s_conv.axilite_b2s/SI_REG/aw.aw_pipe/s_ready_i_reg_0                                   |                                                                                                                                                             |               10 |             48 |         4.80 |
|  RISCV_ALU_bd_i/processing_system7_0/inst/FCLK_CLK0 | RISCV_ALU_bd_i/axi_interconnect_0/s00_couplers/auto_pc/inst/gen_axilite.gen_b2s_conv.axilite_b2s/RD.ar_channel_0/ar_cmd_fsm_0/m_valid_i_reg[0]                       |                                                                                                                                                             |                9 |             48 |         5.33 |
|  RISCV_ALU_bd_i/processing_system7_0/inst/FCLK_CLK0 |                                                                                                                                                                      |                                                                                                                                                             |              112 |            342 |         3.05 |
+-----------------------------------------------------+----------------------------------------------------------------------------------------------------------------------------------------------------------------------+-------------------------------------------------------------------------------------------------------------------------------------------------------------+------------------+----------------+--------------+


